# JRE version: Java(TM) SE Runtime Environment (8.0_101-b13) (build 1.8.0_101-b13)
# Java VM: Java HotSpot(TM) 64-Bit Server VM (25.101-b13 mixed mode linux-amd64 compressed oops)
Heap:
 PSYoungGen      total 25088K, used 8748K [0x00000000f1700000, 0x00000000f3100000, 0x0000000100000000)
  eden space 23552K, 30% used [0x00000000f1700000,0x00000000f1e0ea58,0x00000000f2e00000)
  from space 1536K, 99% used [0x00000000f2f80000,0x00000000f30fc820,0x00000000f3100000)
  to   space 1536K, 0% used [0x00000000f2e00000,0x00000000f2e00000,0x00000000f2f80000)
 ParOldGen       total 30208K, used 3375K [0x00000000d4400000, 0x00000000d6180000, 0x00000000f1700000)
  object space 30208K, 11% used [0x00000000d4400000,0x00000000d474bea8,0x00000000d6180000)
 Metaspace       used 17889K, capacity 18056K, committed 18304K, reserved 1064960K
  class space    used 2043K, capacity 2116K, committed 2176K, reserved 1048576K
GC Heap History (8 events):
Event: 13,399 GC heap before
{Heap before GC invocations=1 (full 0):
 PSYoungGen      total 13312K, used 11776K [0x00000000f1700000, 0x00000000f2580000, 0x0000000100000000)
  eden space 11776K, 100% used [0x00000000f1700000,0x00000000f2280000,0x00000000f2280000)
  from space 1536K, 0% used [0x00000000f2400000,0x00000000f2400000,0x00000000f2580000)
  to   space 1536K, 0% used [0x00000000f2280000,0x00000000f2280000,0x00000000f2400000)
 ParOldGen       total 30208K, used 0K [0x00000000d4400000, 0x00000000d6180000, 0x00000000f1700000)
  object space 30208K, 0% used [0x00000000d4400000,0x00000000d4400000,0x00000000d6180000)
 Metaspace       used 13445K, capacity 13630K, committed 13824K, reserved 1060864K
  class space    used 1644K, capacity 1731K, committed 1792K, reserved 1048576K
Event: 13,405 GC heap after
Heap after GC invocations=1 (full 0):
 PSYoungGen      total 13312K, used 1536K [0x00000000f1700000, 0x00000000f2580000, 0x0000000100000000)
  eden space 11776K, 0% used [0x00000000f1700000,0x00000000f1700000,0x00000000f2280000)
  from space 1536K, 100% used [0x00000000f2280000,0x00000000f2400000,0x00000000f2400000)
  to   space 1536K, 0% used [0x00000000f2400000,0x00000000f2400000,0x00000000f2580000)
 ParOldGen       total 30208K, used 1365K [0x00000000d4400000, 0x00000000d6180000, 0x00000000f1700000)
  object space 30208K, 4% used [0x00000000d4400000,0x00000000d45556a0,0x00000000d6180000)
 Metaspace       used 13445K, capacity 13630K, committed 13824K, reserved 1060864K
  class space    used 1644K, capacity 1731K, committed 1792K, reserved 1048576K
}
Event: 34,248 GC heap before
{Heap before GC invocations=2 (full 0):
 PSYoungGen      total 13312K, used 13312K [0x00000000f1700000, 0x00000000f2580000, 0x0000000100000000)
  eden space 11776K, 100% used [0x00000000f1700000,0x00000000f2280000,0x00000000f2280000)
  from space 1536K, 100% used [0x00000000f2280000,0x00000000f2400000,0x00000000f2400000)
  to   space 1536K, 0% used [0x00000000f2400000,0x00000000f2400000,0x00000000f2580000)
 ParOldGen       total 30208K, used 1365K [0x00000000d4400000, 0x00000000d6180000, 0x00000000f1700000)
  object space 30208K, 4% used [0x00000000d4400000,0x00000000d45556a0,0x00000000d6180000)
 Metaspace       used 16091K, capacity 16264K, committed 16384K, reserved 1062912K
  class space    used 1896K, capacity 1988K, committed 2048K, reserved 1048576K
Event: 34,253 GC heap after
Heap after GC invocations=2 (full 0):
 PSYoungGen      total 13312K, used 1522K [0x00000000f1700000, 0x00000000f2580000, 0x0000000100000000)
  eden space 11776K, 0% used [0x00000000f1700000,0x00000000f1700000,0x00000000f2280000)
  from space 1536K, 99% used [0x00000000f2400000,0x00000000f257c820,0x00000000f2580000)
  to   space 1536K, 0% used [0x00000000f2280000,0x00000000f2280000,0x00000000f2400000)
 ParOldGen       total 30208K, used 2689K [0x00000000d4400000, 0x00000000d6180000, 0x00000000f1700000)
  object space 30208K, 8% used [0x00000000d4400000,0x00000000d46a05e8,0x00000000d6180000)
 Metaspace       used 16091K, capacity 16264K, committed 16384K, reserved 1062912K
  class space    used 1896K, capacity 1988K, committed 2048K, reserved 1048576K
}
Event: 34,374 GC heap before
{Heap before GC invocations=3 (full 0):
 PSYoungGen      total 13312K, used 13298K [0x00000000f1700000, 0x00000000f2580000, 0x0000000100000000)
  eden space 11776K, 100% used [0x00000000f1700000,0x00000000f2280000,0x00000000f2280000)
  from space 1536K, 99% used [0x00000000f2400000,0x00000000f257c820,0x00000000f2580000)
  to   space 1536K, 0% used [0x00000000f2280000,0x00000000f2280000,0x00000000f2400000)
 ParOldGen       total 30208K, used 2689K [0x00000000d4400000, 0x00000000d6180000, 0x00000000f1700000)
  object space 30208K, 8% used [0x00000000d4400000,0x00000000d46a05e8,0x00000000d6180000)
 Metaspace       used 16979K, capacity 17128K, committed 17280K, reserved 1064960K
  class space    used 1995K, capacity 2084K, committed 2176K, reserved 1048576K
Event: 34,379 GC heap after
Heap after GC invocations=3 (full 0):
 PSYoungGen      total 13312K, used 1522K [0x00000000f1700000, 0x00000000f3100000, 0x0000000100000000)
  eden space 11776K, 0% used [0x00000000f1700000,0x00000000f1700000,0x00000000f2280000)
  from space 1536K, 99% used [0x00000000f2280000,0x00000000f23fc820,0x00000000f2400000)
  to   space 1536K, 0% used [0x00000000f2f80000,0x00000000f2f80000,0x00000000f3100000)
 ParOldGen       total 30208K, used 3221K [0x00000000d4400000, 0x00000000d6180000, 0x00000000f1700000)
  object space 30208K, 10% used [0x00000000d4400000,0x00000000d4725418,0x00000000d6180000)
 Metaspace       used 16979K, capacity 17128K, committed 17280K, reserved 1064960K
  class space    used 1995K, capacity 2084K, committed 2176K, reserved 1048576K
}
Event: 34,451 GC heap before
{Heap before GC invocations=4 (full 0):
 PSYoungGen      total 13312K, used 13298K [0x00000000f1700000, 0x00000000f3100000, 0x0000000100000000)
  eden space 11776K, 100% used [0x00000000f1700000,0x00000000f2280000,0x00000000f2280000)
  from space 1536K, 99% used [0x00000000f2280000,0x00000000f23fc820,0x00000000f2400000)
  to   space 1536K, 0% used [0x00000000f2f80000,0x00000000f2f80000,0x00000000f3100000)
 ParOldGen       total 30208K, used 3221K [0x00000000d4400000, 0x00000000d6180000, 0x00000000f1700000)
  object space 30208K, 10% used [0x00000000d4400000,0x00000000d4725418,0x00000000d6180000)
 Metaspace       used 17138K, capacity 17320K, committed 17536K, reserved 1064960K
  class space    used 2012K, capacity 2084K, committed 2176K, reserved 1048576K
Event: 34,455 GC heap after
Heap after GC invocations=4 (full 0):
 PSYoungGen      total 25088K, used 1522K [0x00000000f1700000, 0x00000000f3100000, 0x0000000100000000)
  eden space 23552K, 0% used [0x00000000f1700000,0x00000000f1700000,0x00000000f2e00000)
  from space 1536K, 99% used [0x00000000f2f80000,0x00000000f30fc820,0x00000000f3100000)
  to   space 1536K, 0% used [0x00000000f2e00000,0x00000000f2e00000,0x00000000f2f80000)
 ParOldGen       total 30208K, used 3375K [0x00000000d4400000, 0x00000000d6180000, 0x00000000f1700000)
  object space 30208K, 11% used [0x00000000d4400000,0x00000000d474bea8,0x00000000d6180000)
 Metaspace       used 17138K, capacity 17320K, committed 17536K, reserved 1064960K
  class space    used 2012K, capacity 2084K, committed 2176K, reserved 1048576K
}

