# JRE version: Java(TM) SE Runtime Environment (8.0_101-b13) (build 1.8.0_101-b13)
# Java VM: Java HotSpot(TM) 64-Bit Server VM (25.101-b13 mixed mode linux-amd64 compressed oops)
Heap:
 PSYoungGen      total 13312K, used 6723K [0x00000000f1700000, 0x00000000f3500000, 0x0000000100000000)
  eden space 11776K, 44% used [0x00000000f1700000,0x00000000f1c10f90,0x00000000f2280000)
  from space 1536K, 100% used [0x00000000f2280000,0x00000000f2400000,0x00000000f2400000)
  to   space 3584K, 0% used [0x00000000f3180000,0x00000000f3180000,0x00000000f3500000)
 ParOldGen       total 30208K, used 3539K [0x00000000d4400000, 0x00000000d6180000, 0x00000000f1700000)
  object space 30208K, 11% used [0x00000000d4400000,0x00000000d4774c38,0x00000000d6180000)
 Metaspace       used 17453K, capacity 17576K, committed 17792K, reserved 1064960K
  class space    used 2028K, capacity 2084K, committed 2176K, reserved 1048576K
GC Heap History (10 events):
Event: 6,419 GC heap before
{Heap before GC invocations=1 (full 0):
 PSYoungGen      total 13312K, used 11776K [0x00000000f1700000, 0x00000000f2580000, 0x0000000100000000)
  eden space 11776K, 100% used [0x00000000f1700000,0x00000000f2280000,0x00000000f2280000)
  from space 1536K, 0% used [0x00000000f2400000,0x00000000f2400000,0x00000000f2580000)
  to   space 1536K, 0% used [0x00000000f2280000,0x00000000f2280000,0x00000000f2400000)
 ParOldGen       total 30208K, used 0K [0x00000000d4400000, 0x00000000d6180000, 0x00000000f1700000)
  object space 30208K, 0% used [0x00000000d4400000,0x00000000d4400000,0x00000000d6180000)
 Metaspace       used 13399K, capacity 13566K, committed 13824K, reserved 1060864K
  class space    used 1642K, capacity 1731K, committed 1792K, reserved 1048576K
Event: 6,425 GC heap after
Heap after GC invocations=1 (full 0):
 PSYoungGen      total 13312K, used 1536K [0x00000000f1700000, 0x00000000f2580000, 0x0000000100000000)
  eden space 11776K, 0% used [0x00000000f1700000,0x00000000f1700000,0x00000000f2280000)
  from space 1536K, 100% used [0x00000000f2280000,0x00000000f2400000,0x00000000f2400000)
  to   space 1536K, 0% used [0x00000000f2400000,0x00000000f2400000,0x00000000f2580000)
 ParOldGen       total 30208K, used 1381K [0x00000000d4400000, 0x00000000d6180000, 0x00000000f1700000)
  object space 30208K, 4% used [0x00000000d4400000,0x00000000d4559560,0x00000000d6180000)
 Metaspace       used 13399K, capacity 13566K, committed 13824K, reserved 1060864K
  class space    used 1642K, capacity 1731K, committed 1792K, reserved 1048576K
}
Event: 38,716 GC heap before
{Heap before GC invocations=2 (full 0):
 PSYoungGen      total 13312K, used 13312K [0x00000000f1700000, 0x00000000f2580000, 0x0000000100000000)
  eden space 11776K, 100% used [0x00000000f1700000,0x00000000f2280000,0x00000000f2280000)
  from space 1536K, 100% used [0x00000000f2280000,0x00000000f2400000,0x00000000f2400000)
  to   space 1536K, 0% used [0x00000000f2400000,0x00000000f2400000,0x00000000f2580000)
 ParOldGen       total 30208K, used 1381K [0x00000000d4400000, 0x00000000d6180000, 0x00000000f1700000)
  object space 30208K, 4% used [0x00000000d4400000,0x00000000d4559560,0x00000000d6180000)
 Metaspace       used 16139K, capacity 16296K, committed 16640K, reserved 1064960K
  class space    used 1881K, capacity 1956K, committed 2048K, reserved 1048576K
Event: 38,720 GC heap after
Heap after GC invocations=2 (full 0):
 PSYoungGen      total 13312K, used 1536K [0x00000000f1700000, 0x00000000f2580000, 0x0000000100000000)
  eden space 11776K, 0% used [0x00000000f1700000,0x00000000f1700000,0x00000000f2280000)
  from space 1536K, 100% used [0x00000000f2400000,0x00000000f2580000,0x00000000f2580000)
  to   space 1536K, 0% used [0x00000000f2280000,0x00000000f2280000,0x00000000f2400000)
 ParOldGen       total 30208K, used 2721K [0x00000000d4400000, 0x00000000d6180000, 0x00000000f1700000)
  object space 30208K, 9% used [0x00000000d4400000,0x00000000d46a8578,0x00000000d6180000)
 Metaspace       used 16139K, capacity 16296K, committed 16640K, reserved 1064960K
  class space    used 1881K, capacity 1956K, committed 2048K, reserved 1048576K
}
Event: 38,840 GC heap before
{Heap before GC invocations=3 (full 0):
 PSYoungGen      total 13312K, used 13312K [0x00000000f1700000, 0x00000000f2580000, 0x0000000100000000)
  eden space 11776K, 100% used [0x00000000f1700000,0x00000000f2280000,0x00000000f2280000)
  from space 1536K, 100% used [0x00000000f2400000,0x00000000f2580000,0x00000000f2580000)
  to   space 1536K, 0% used [0x00000000f2280000,0x00000000f2280000,0x00000000f2400000)
 ParOldGen       total 30208K, used 2721K [0x00000000d4400000, 0x00000000d6180000, 0x00000000f1700000)
  object space 30208K, 9% used [0x00000000d4400000,0x00000000d46a8578,0x00000000d6180000)
 Metaspace       used 17197K, capacity 17384K, committed 17536K, reserved 1064960K
  class space    used 2006K, capacity 2084K, committed 2176K, reserved 1048576K
Event: 38,844 GC heap after
Heap after GC invocations=3 (full 0):
 PSYoungGen      total 13312K, used 1536K [0x00000000f1700000, 0x00000000f2580000, 0x0000000100000000)
  eden space 11776K, 0% used [0x00000000f1700000,0x00000000f1700000,0x00000000f2280000)
  from space 1536K, 100% used [0x00000000f2280000,0x00000000f2400000,0x00000000f2400000)
  to   space 1536K, 0% used [0x00000000f2400000,0x00000000f2400000,0x00000000f2580000)
 ParOldGen       total 30208K, used 3368K [0x00000000d4400000, 0x00000000d6180000, 0x00000000f1700000)
  object space 30208K, 11% used [0x00000000d4400000,0x00000000d474a1a8,0x00000000d6180000)
 Metaspace       used 17197K, capacity 17384K, committed 17536K, reserved 1064960K
  class space    used 2006K, capacity 2084K, committed 2176K, reserved 1048576K
}
Event: 38,963 GC heap before
{Heap before GC invocations=4 (full 0):
 PSYoungGen      total 13312K, used 13312K [0x00000000f1700000, 0x00000000f2580000, 0x0000000100000000)
  eden space 11776K, 100% used [0x00000000f1700000,0x00000000f2280000,0x00000000f2280000)
  from space 1536K, 100% used [0x00000000f2280000,0x00000000f2400000,0x00000000f2400000)
  to   space 1536K, 0% used [0x00000000f2400000,0x00000000f2400000,0x00000000f2580000)
 ParOldGen       total 30208K, used 3368K [0x00000000d4400000, 0x00000000d6180000, 0x00000000f1700000)
  object space 30208K, 11% used [0x00000000d4400000,0x00000000d474a1a8,0x00000000d6180000)
 Metaspace       used 17364K, capacity 17512K, committed 17792K, reserved 1064960K
  class space    used 2023K, capacity 2084K, committed 2176K, reserved 1048576K
Event: 38,966 GC heap after
Heap after GC invocations=4 (full 0):
 PSYoungGen      total 13312K, used 1536K [0x00000000f1700000, 0x00000000f3100000, 0x0000000100000000)
  eden space 11776K, 0% used [0x00000000f1700000,0x00000000f1700000,0x00000000f2280000)
  from space 1536K, 100% used [0x00000000f2400000,0x00000000f2580000,0x00000000f2580000)
  to   space 1536K, 0% used [0x00000000f2280000,0x00000000f2280000,0x00000000f2400000)
 ParOldGen       total 30208K, used 3515K [0x00000000d4400000, 0x00000000d6180000, 0x00000000f1700000)
  object space 30208K, 11% used [0x00000000d4400000,0x00000000d476ec38,0x00000000d6180000)
 Metaspace       used 17364K, capacity 17512K, committed 17792K, reserved 1064960K
  class space    used 2023K, capacity 2084K, committed 2176K, reserved 1048576K
}
Event: 40,908 GC heap before
{Heap before GC invocations=5 (full 0):
 PSYoungGen      total 13312K, used 13312K [0x00000000f1700000, 0x00000000f3100000, 0x0000000100000000)
  eden space 11776K, 100% used [0x00000000f1700000,0x00000000f2280000,0x00000000f2280000)
  from space 1536K, 100% used [0x00000000f2400000,0x00000000f2580000,0x00000000f2580000)
  to   space 1536K, 0% used [0x00000000f2280000,0x00000000f2280000,0x00000000f2400000)
 ParOldGen       total 30208K, used 3515K [0x00000000d4400000, 0x00000000d6180000, 0x00000000f1700000)
  object space 30208K, 11% used [0x00000000d4400000,0x00000000d476ec38,0x00000000d6180000)
 Metaspace       used 17403K, capacity 17576K, committed 17792K, reserved 1064960K
  class space    used 2024K, capacity 2084K, committed 2176K, reserved 1048576K
Event: 40,912 GC heap after
Heap after GC invocations=5 (full 0):
 PSYoungGen      total 13312K, used 1536K [0x00000000f1700000, 0x00000000f3500000, 0x0000000100000000)
  eden space 11776K, 0% used [0x00000000f1700000,0x00000000f1700000,0x00000000f2280000)
  from space 1536K, 100% used [0x00000000f2280000,0x00000000f2400000,0x00000000f2400000)
  to   space 3584K, 0% used [0x00000000f3180000,0x00000000f3180000,0x00000000f3500000)
 ParOldGen       total 30208K, used 3539K [0x00000000d4400000, 0x00000000d6180000, 0x00000000f1700000)
  object space 30208K, 11% used [0x00000000d4400000,0x00000000d4774c38,0x00000000d6180000)
 Metaspace       used 17403K, capacity 17576K, committed 17792K, reserved 1064960K
  class space    used 2024K, capacity 2084K, committed 2176K, reserved 1048576K
}

