# JRE version: Java(TM) SE Runtime Environment (8.0_101-b13) (build 1.8.0_101-b13)
# Java VM: Java HotSpot(TM) 64-Bit Server VM (25.101-b13 mixed mode linux-amd64 compressed oops)
Heap:
 PSYoungGen      total 13312K, used 5557K [0x00000000f1700000, 0x00000000f2580000, 0x0000000100000000)
  eden space 11776K, 34% used [0x00000000f1700000,0x00000000f1af0bf0,0x00000000f2280000)
  from space 1536K, 99% used [0x00000000f2280000,0x00000000f23fc820,0x00000000f2400000)
  to   space 1536K, 0% used [0x00000000f2400000,0x00000000f2400000,0x00000000f2580000)
 ParOldGen       total 30208K, used 3004K [0x00000000d4400000, 0x00000000d6180000, 0x00000000f1700000)
  object space 30208K, 9% used [0x00000000d4400000,0x00000000d46ef288,0x00000000d6180000)
 Metaspace       used 16353K, capacity 16552K, committed 16640K, reserved 1064960K
  class space    used 1947K, capacity 2020K, committed 2048K, reserved 1048576K
GC Heap History (6 events):
Event: 29,110 GC heap before
{Heap before GC invocations=1 (full 0):
 PSYoungGen      total 13312K, used 11776K [0x00000000f1700000, 0x00000000f2580000, 0x0000000100000000)
  eden space 11776K, 100% used [0x00000000f1700000,0x00000000f2280000,0x00000000f2280000)
  from space 1536K, 0% used [0x00000000f2400000,0x00000000f2400000,0x00000000f2580000)
  to   space 1536K, 0% used [0x00000000f2280000,0x00000000f2280000,0x00000000f2400000)
 ParOldGen       total 30208K, used 0K [0x00000000d4400000, 0x00000000d6180000, 0x00000000f1700000)
  object space 30208K, 0% used [0x00000000d4400000,0x00000000d4400000,0x00000000d6180000)
 Metaspace       used 13981K, capacity 14152K, committed 14336K, reserved 1062912K
  class space    used 1658K, capacity 1732K, committed 1792K, reserved 1048576K
Event: 29,117 GC heap after
Heap after GC invocations=1 (full 0):
 PSYoungGen      total 13312K, used 1536K [0x00000000f1700000, 0x00000000f2580000, 0x0000000100000000)
  eden space 11776K, 0% used [0x00000000f1700000,0x00000000f1700000,0x00000000f2280000)
  from space 1536K, 100% used [0x00000000f2280000,0x00000000f2400000,0x00000000f2400000)
  to   space 1536K, 0% used [0x00000000f2400000,0x00000000f2400000,0x00000000f2580000)
 ParOldGen       total 30208K, used 1470K [0x00000000d4400000, 0x00000000d6180000, 0x00000000f1700000)
  object space 30208K, 4% used [0x00000000d4400000,0x00000000d456fa30,0x00000000d6180000)
 Metaspace       used 13981K, capacity 14152K, committed 14336K, reserved 1062912K
  class space    used 1658K, capacity 1732K, committed 1792K, reserved 1048576K
}
Event: 29,867 GC heap before
{Heap before GC invocations=2 (full 0):
 PSYoungGen      total 13312K, used 13312K [0x00000000f1700000, 0x00000000f2580000, 0x0000000100000000)
  eden space 11776K, 100% used [0x00000000f1700000,0x00000000f2280000,0x00000000f2280000)
  from space 1536K, 100% used [0x00000000f2280000,0x00000000f2400000,0x00000000f2400000)
  to   space 1536K, 0% used [0x00000000f2400000,0x00000000f2400000,0x00000000f2580000)
 ParOldGen       total 30208K, used 1470K [0x00000000d4400000, 0x00000000d6180000, 0x00000000f1700000)
  object space 30208K, 4% used [0x00000000d4400000,0x00000000d456fa30,0x00000000d6180000)
 Metaspace       used 15831K, capacity 16008K, committed 16128K, reserved 1062912K
  class space    used 1912K, capacity 1988K, committed 2048K, reserved 1048576K
Event: 29,873 GC heap after
Heap after GC invocations=2 (full 0):
 PSYoungGen      total 13312K, used 1522K [0x00000000f1700000, 0x00000000f2580000, 0x0000000100000000)
  eden space 11776K, 0% used [0x00000000f1700000,0x00000000f1700000,0x00000000f2280000)
  from space 1536K, 99% used [0x00000000f2400000,0x00000000f257c820,0x00000000f2580000)
  to   space 1536K, 0% used [0x00000000f2280000,0x00000000f2280000,0x00000000f2400000)
 ParOldGen       total 30208K, used 2825K [0x00000000d4400000, 0x00000000d6180000, 0x00000000f1700000)
  object space 30208K, 9% used [0x00000000d4400000,0x00000000d46c2708,0x00000000d6180000)
 Metaspace       used 15831K, capacity 16008K, committed 16128K, reserved 1062912K
  class space    used 1912K, capacity 1988K, committed 2048K, reserved 1048576K
}
Event: 33,346 GC heap before
{Heap before GC invocations=3 (full 0):
 PSYoungGen      total 13312K, used 13298K [0x00000000f1700000, 0x00000000f2580000, 0x0000000100000000)
  eden space 11776K, 100% used [0x00000000f1700000,0x00000000f2280000,0x00000000f2280000)
  from space 1536K, 99% used [0x00000000f2400000,0x00000000f257c820,0x00000000f2580000)
  to   space 1536K, 0% used [0x00000000f2280000,0x00000000f2280000,0x00000000f2400000)
 ParOldGen       total 30208K, used 2825K [0x00000000d4400000, 0x00000000d6180000, 0x00000000f1700000)
  object space 30208K, 9% used [0x00000000d4400000,0x00000000d46c2708,0x00000000d6180000)
 Metaspace       used 16336K, capacity 16520K, committed 16640K, reserved 1064960K
  class space    used 1941K, capacity 1988K, committed 2048K, reserved 1048576K
Event: 33,350 GC heap after
Heap after GC invocations=3 (full 0):
 PSYoungGen      total 13312K, used 1522K [0x00000000f1700000, 0x00000000f2580000, 0x0000000100000000)
  eden space 11776K, 0% used [0x00000000f1700000,0x00000000f1700000,0x00000000f2280000)
  from space 1536K, 99% used [0x00000000f2280000,0x00000000f23fc820,0x00000000f2400000)
  to   space 1536K, 0% used [0x00000000f2400000,0x00000000f2400000,0x00000000f2580000)
 ParOldGen       total 30208K, used 3004K [0x00000000d4400000, 0x00000000d6180000, 0x00000000f1700000)
  object space 30208K, 9% used [0x00000000d4400000,0x00000000d46ef288,0x00000000d6180000)
 Metaspace       used 16336K, capacity 16520K, committed 16640K, reserved 1064960K
  class space    used 1941K, capacity 1988K, committed 2048K, reserved 1048576K
}

