# JRE version: Java(TM) SE Runtime Environment (8.0_101-b13) (build 1.8.0_101-b13)
# Java VM: Java HotSpot(TM) 64-Bit Server VM (25.101-b13 mixed mode linux-amd64 compressed oops)
Heap:
 PSYoungGen      total 13312K, used 5773K [0x00000000f1700000, 0x00000000f2980000, 0x0000000100000000)
  eden space 11776K, 36% used [0x00000000f1700000,0x00000000f1b26d38,0x00000000f2280000)
  from space 1536K, 99% used [0x00000000f2280000,0x00000000f23fc820,0x00000000f2400000)
  to   space 3584K, 0% used [0x00000000f2600000,0x00000000f2600000,0x00000000f2980000)
 ParOldGen       total 30208K, used 3424K [0x00000000d4400000, 0x00000000d6180000, 0x00000000f1700000)
  object space 30208K, 11% used [0x00000000d4400000,0x00000000d4758300,0x00000000d6180000)
 Metaspace       used 17364K, capacity 17512K, committed 17792K, reserved 1064960K
  class space    used 2023K, capacity 2084K, committed 2176K, reserved 1048576K
GC Heap History (10 events):
Event: 21,827 GC heap before
{Heap before GC invocations=1 (full 0):
 PSYoungGen      total 13312K, used 11776K [0x00000000f1700000, 0x00000000f2580000, 0x0000000100000000)
  eden space 11776K, 100% used [0x00000000f1700000,0x00000000f2280000,0x00000000f2280000)
  from space 1536K, 0% used [0x00000000f2400000,0x00000000f2400000,0x00000000f2580000)
  to   space 1536K, 0% used [0x00000000f2280000,0x00000000f2280000,0x00000000f2400000)
 ParOldGen       total 30208K, used 0K [0x00000000d4400000, 0x00000000d6180000, 0x00000000f1700000)
  object space 30208K, 0% used [0x00000000d4400000,0x00000000d4400000,0x00000000d6180000)
 Metaspace       used 13527K, capacity 13694K, committed 13824K, reserved 1060864K
  class space    used 1647K, capacity 1731K, committed 1792K, reserved 1048576K
Event: 21,924 GC heap after
Heap after GC invocations=1 (full 0):
 PSYoungGen      total 13312K, used 1536K [0x00000000f1700000, 0x00000000f2580000, 0x0000000100000000)
  eden space 11776K, 0% used [0x00000000f1700000,0x00000000f1700000,0x00000000f2280000)
  from space 1536K, 100% used [0x00000000f2280000,0x00000000f2400000,0x00000000f2400000)
  to   space 1536K, 0% used [0x00000000f2400000,0x00000000f2400000,0x00000000f2580000)
 ParOldGen       total 30208K, used 1356K [0x00000000d4400000, 0x00000000d6180000, 0x00000000f1700000)
  object space 30208K, 4% used [0x00000000d4400000,0x00000000d45530b0,0x00000000d6180000)
 Metaspace       used 13527K, capacity 13694K, committed 13824K, reserved 1060864K
  class space    used 1647K, capacity 1731K, committed 1792K, reserved 1048576K
}
Event: 38,387 GC heap before
{Heap before GC invocations=2 (full 0):
 PSYoungGen      total 13312K, used 13312K [0x00000000f1700000, 0x00000000f2580000, 0x0000000100000000)
  eden space 11776K, 100% used [0x00000000f1700000,0x00000000f2280000,0x00000000f2280000)
  from space 1536K, 100% used [0x00000000f2280000,0x00000000f2400000,0x00000000f2400000)
  to   space 1536K, 0% used [0x00000000f2400000,0x00000000f2400000,0x00000000f2580000)
 ParOldGen       total 30208K, used 1356K [0x00000000d4400000, 0x00000000d6180000, 0x00000000f1700000)
  object space 30208K, 4% used [0x00000000d4400000,0x00000000d45530b0,0x00000000d6180000)
 Metaspace       used 16150K, capacity 16296K, committed 16640K, reserved 1064960K
  class space    used 1891K, capacity 1956K, committed 2048K, reserved 1048576K
Event: 38,393 GC heap after
Heap after GC invocations=2 (full 0):
 PSYoungGen      total 13312K, used 1522K [0x00000000f1700000, 0x00000000f2580000, 0x0000000100000000)
  eden space 11776K, 0% used [0x00000000f1700000,0x00000000f1700000,0x00000000f2280000)
  from space 1536K, 99% used [0x00000000f2400000,0x00000000f257c820,0x00000000f2580000)
  to   space 1536K, 0% used [0x00000000f2280000,0x00000000f2280000,0x00000000f2400000)
 ParOldGen       total 30208K, used 2665K [0x00000000d4400000, 0x00000000d6180000, 0x00000000f1700000)
  object space 30208K, 8% used [0x00000000d4400000,0x00000000d469a7a8,0x00000000d6180000)
 Metaspace       used 16150K, capacity 16296K, committed 16640K, reserved 1064960K
  class space    used 1891K, capacity 1956K, committed 2048K, reserved 1048576K
}
Event: 38,664 GC heap before
{Heap before GC invocations=3 (full 0):
 PSYoungGen      total 13312K, used 13298K [0x00000000f1700000, 0x00000000f2580000, 0x0000000100000000)
  eden space 11776K, 100% used [0x00000000f1700000,0x00000000f2280000,0x00000000f2280000)
  from space 1536K, 99% used [0x00000000f2400000,0x00000000f257c820,0x00000000f2580000)
  to   space 1536K, 0% used [0x00000000f2280000,0x00000000f2280000,0x00000000f2400000)
 ParOldGen       total 30208K, used 2665K [0x00000000d4400000, 0x00000000d6180000, 0x00000000f1700000)
  object space 30208K, 8% used [0x00000000d4400000,0x00000000d469a7a8,0x00000000d6180000)
 Metaspace       used 17123K, capacity 17320K, committed 17536K, reserved 1064960K
  class space    used 2001K, capacity 2084K, committed 2176K, reserved 1048576K
Event: 38,669 GC heap after
Heap after GC invocations=3 (full 0):
 PSYoungGen      total 13312K, used 1522K [0x00000000f1700000, 0x00000000f2580000, 0x0000000100000000)
  eden space 11776K, 0% used [0x00000000f1700000,0x00000000f1700000,0x00000000f2280000)
  from space 1536K, 99% used [0x00000000f2280000,0x00000000f23fc820,0x00000000f2400000)
  to   space 1536K, 0% used [0x00000000f2400000,0x00000000f2400000,0x00000000f2580000)
 ParOldGen       total 30208K, used 3238K [0x00000000d4400000, 0x00000000d6180000, 0x00000000f1700000)
  object space 30208K, 10% used [0x00000000d4400000,0x00000000d4729870,0x00000000d6180000)
 Metaspace       used 17123K, capacity 17320K, committed 17536K, reserved 1064960K
  class space    used 2001K, capacity 2084K, committed 2176K, reserved 1048576K
}
Event: 38,856 GC heap before
{Heap before GC invocations=4 (full 0):
 PSYoungGen      total 13312K, used 13298K [0x00000000f1700000, 0x00000000f2580000, 0x0000000100000000)
  eden space 11776K, 100% used [0x00000000f1700000,0x00000000f2280000,0x00000000f2280000)
  from space 1536K, 99% used [0x00000000f2280000,0x00000000f23fc820,0x00000000f2400000)
  to   space 1536K, 0% used [0x00000000f2400000,0x00000000f2400000,0x00000000f2580000)
 ParOldGen       total 30208K, used 3238K [0x00000000d4400000, 0x00000000d6180000, 0x00000000f1700000)
  object space 30208K, 10% used [0x00000000d4400000,0x00000000d4729870,0x00000000d6180000)
 Metaspace       used 17287K, capacity 17448K, committed 17792K, reserved 1064960K
  class space    used 2019K, capacity 2084K, committed 2176K, reserved 1048576K
Event: 38,859 GC heap after
Heap after GC invocations=4 (full 0):
 PSYoungGen      total 13312K, used 1522K [0x00000000f1700000, 0x00000000f2580000, 0x0000000100000000)
  eden space 11776K, 0% used [0x00000000f1700000,0x00000000f1700000,0x00000000f2280000)
  from space 1536K, 99% used [0x00000000f2400000,0x00000000f257c820,0x00000000f2580000)
  to   space 1536K, 0% used [0x00000000f2280000,0x00000000f2280000,0x00000000f2400000)
 ParOldGen       total 30208K, used 3384K [0x00000000d4400000, 0x00000000d6180000, 0x00000000f1700000)
  object space 30208K, 11% used [0x00000000d4400000,0x00000000d474e300,0x00000000d6180000)
 Metaspace       used 17287K, capacity 17448K, committed 17792K, reserved 1064960K
  class space    used 2019K, capacity 2084K, committed 2176K, reserved 1048576K
}
Event: 41,165 GC heap before
{Heap before GC invocations=5 (full 0):
 PSYoungGen      total 13312K, used 13298K [0x00000000f1700000, 0x00000000f2580000, 0x0000000100000000)
  eden space 11776K, 100% used [0x00000000f1700000,0x00000000f2280000,0x00000000f2280000)
  from space 1536K, 99% used [0x00000000f2400000,0x00000000f257c820,0x00000000f2580000)
  to   space 1536K, 0% used [0x00000000f2280000,0x00000000f2280000,0x00000000f2400000)
 ParOldGen       total 30208K, used 3384K [0x00000000d4400000, 0x00000000d6180000, 0x00000000f1700000)
  object space 30208K, 11% used [0x00000000d4400000,0x00000000d474e300,0x00000000d6180000)
 Metaspace       used 17322K, capacity 17448K, committed 17792K, reserved 1064960K
  class space    used 2019K, capacity 2084K, committed 2176K, reserved 1048576K
Event: 41,169 GC heap after
Heap after GC invocations=5 (full 0):
 PSYoungGen      total 13312K, used 1522K [0x00000000f1700000, 0x00000000f2980000, 0x0000000100000000)
  eden space 11776K, 0% used [0x00000000f1700000,0x00000000f1700000,0x00000000f2280000)
  from space 1536K, 99% used [0x00000000f2280000,0x00000000f23fc820,0x00000000f2400000)
  to   space 3584K, 0% used [0x00000000f2600000,0x00000000f2600000,0x00000000f2980000)
 ParOldGen       total 30208K, used 3424K [0x00000000d4400000, 0x00000000d6180000, 0x00000000f1700000)
  object space 30208K, 11% used [0x00000000d4400000,0x00000000d4758300,0x00000000d6180000)
 Metaspace       used 17322K, capacity 17448K, committed 17792K, reserved 1064960K
  class space    used 2019K, capacity 2084K, committed 2176K, reserved 1048576K
}

