# JRE version: Java(TM) SE Runtime Environment (8.0_101-b13) (build 1.8.0_101-b13)
# Java VM: Java HotSpot(TM) 64-Bit Server VM (25.101-b13 mixed mode linux-amd64 compressed oops)
Heap:
 PSYoungGen      total 25088K, used 8342K [0x00000000f1700000, 0x00000000f3100000, 0x0000000100000000)
  eden space 23552K, 28% used [0x00000000f1700000,0x00000000f1da9310,0x00000000f2e00000)
  from space 1536K, 99% used [0x00000000f2f80000,0x00000000f30fc820,0x00000000f3100000)
  to   space 1536K, 0% used [0x00000000f2e00000,0x00000000f2e00000,0x00000000f2f80000)
 ParOldGen       total 30208K, used 3495K [0x00000000d4400000, 0x00000000d6180000, 0x00000000f1700000)
  object space 30208K, 11% used [0x00000000d4400000,0x00000000d4769e50,0x00000000d6180000)
 Metaspace       used 17203K, capacity 17384K, committed 17536K, reserved 1064960K
  class space    used 2013K, capacity 2084K, committed 2176K, reserved 1048576K
GC Heap History (8 events):
Event: 3,452 GC heap before
{Heap before GC invocations=1 (full 0):
 PSYoungGen      total 13312K, used 11776K [0x00000000f1700000, 0x00000000f2580000, 0x0000000100000000)
  eden space 11776K, 100% used [0x00000000f1700000,0x00000000f2280000,0x00000000f2280000)
  from space 1536K, 0% used [0x00000000f2400000,0x00000000f2400000,0x00000000f2580000)
  to   space 1536K, 0% used [0x00000000f2280000,0x00000000f2280000,0x00000000f2400000)
 ParOldGen       total 30208K, used 0K [0x00000000d4400000, 0x00000000d6180000, 0x00000000f1700000)
  object space 30208K, 0% used [0x00000000d4400000,0x00000000d4400000,0x00000000d6180000)
 Metaspace       used 13335K, capacity 13566K, committed 13824K, reserved 1060864K
  class space    used 1638K, capacity 1731K, committed 1792K, reserved 1048576K
Event: 3,458 GC heap after
Heap after GC invocations=1 (full 0):
 PSYoungGen      total 13312K, used 1536K [0x00000000f1700000, 0x00000000f2580000, 0x0000000100000000)
  eden space 11776K, 0% used [0x00000000f1700000,0x00000000f1700000,0x00000000f2280000)
  from space 1536K, 100% used [0x00000000f2280000,0x00000000f2400000,0x00000000f2400000)
  to   space 1536K, 0% used [0x00000000f2400000,0x00000000f2400000,0x00000000f2580000)
 ParOldGen       total 30208K, used 1421K [0x00000000d4400000, 0x00000000d6180000, 0x00000000f1700000)
  object space 30208K, 4% used [0x00000000d4400000,0x00000000d4563718,0x00000000d6180000)
 Metaspace       used 13335K, capacity 13566K, committed 13824K, reserved 1060864K
  class space    used 1638K, capacity 1731K, committed 1792K, reserved 1048576K
}
Event: 15,473 GC heap before
{Heap before GC invocations=2 (full 0):
 PSYoungGen      total 13312K, used 13312K [0x00000000f1700000, 0x00000000f2580000, 0x0000000100000000)
  eden space 11776K, 100% used [0x00000000f1700000,0x00000000f2280000,0x00000000f2280000)
  from space 1536K, 100% used [0x00000000f2280000,0x00000000f2400000,0x00000000f2400000)
  to   space 1536K, 0% used [0x00000000f2400000,0x00000000f2400000,0x00000000f2580000)
 ParOldGen       total 30208K, used 1421K [0x00000000d4400000, 0x00000000d6180000, 0x00000000f1700000)
  object space 30208K, 4% used [0x00000000d4400000,0x00000000d4563718,0x00000000d6180000)
 Metaspace       used 15936K, capacity 16104K, committed 16384K, reserved 1062912K
  class space    used 1863K, capacity 1956K, committed 2048K, reserved 1048576K
Event: 15,478 GC heap after
Heap after GC invocations=2 (full 0):
 PSYoungGen      total 13312K, used 1536K [0x00000000f1700000, 0x00000000f2580000, 0x0000000100000000)
  eden space 11776K, 0% used [0x00000000f1700000,0x00000000f1700000,0x00000000f2280000)
  from space 1536K, 100% used [0x00000000f2400000,0x00000000f2580000,0x00000000f2580000)
  to   space 1536K, 0% used [0x00000000f2280000,0x00000000f2280000,0x00000000f2400000)
 ParOldGen       total 30208K, used 2704K [0x00000000d4400000, 0x00000000d6180000, 0x00000000f1700000)
  object space 30208K, 8% used [0x00000000d4400000,0x00000000d46a4098,0x00000000d6180000)
 Metaspace       used 15936K, capacity 16104K, committed 16384K, reserved 1062912K
  class space    used 1863K, capacity 1956K, committed 2048K, reserved 1048576K
}
Event: 15,594 GC heap before
{Heap before GC invocations=3 (full 0):
 PSYoungGen      total 13312K, used 13312K [0x00000000f1700000, 0x00000000f2580000, 0x0000000100000000)
  eden space 11776K, 100% used [0x00000000f1700000,0x00000000f2280000,0x00000000f2280000)
  from space 1536K, 100% used [0x00000000f2400000,0x00000000f2580000,0x00000000f2580000)
  to   space 1536K, 0% used [0x00000000f2280000,0x00000000f2280000,0x00000000f2400000)
 ParOldGen       total 30208K, used 2704K [0x00000000d4400000, 0x00000000d6180000, 0x00000000f1700000)
  object space 30208K, 8% used [0x00000000d4400000,0x00000000d46a4098,0x00000000d6180000)
 Metaspace       used 16986K, capacity 17192K, committed 17536K, reserved 1064960K
  class space    used 1992K, capacity 2084K, committed 2176K, reserved 1048576K
Event: 15,599 GC heap after
Heap after GC invocations=3 (full 0):
 PSYoungGen      total 13312K, used 1536K [0x00000000f1700000, 0x00000000f3100000, 0x0000000100000000)
  eden space 11776K, 0% used [0x00000000f1700000,0x00000000f1700000,0x00000000f2280000)
  from space 1536K, 100% used [0x00000000f2280000,0x00000000f2400000,0x00000000f2400000)
  to   space 1536K, 0% used [0x00000000f2f80000,0x00000000f2f80000,0x00000000f3100000)
 ParOldGen       total 30208K, used 3348K [0x00000000d4400000, 0x00000000d6180000, 0x00000000f1700000)
  object space 30208K, 11% used [0x00000000d4400000,0x00000000d47453c0,0x00000000d6180000)
 Metaspace       used 16986K, capacity 17192K, committed 17536K, reserved 1064960K
  class space    used 1992K, capacity 2084K, committed 2176K, reserved 1048576K
}
Event: 15,726 GC heap before
{Heap before GC invocations=4 (full 0):
 PSYoungGen      total 13312K, used 13312K [0x00000000f1700000, 0x00000000f3100000, 0x0000000100000000)
  eden space 11776K, 100% used [0x00000000f1700000,0x00000000f2280000,0x00000000f2280000)
  from space 1536K, 100% used [0x00000000f2280000,0x00000000f2400000,0x00000000f2400000)
  to   space 1536K, 0% used [0x00000000f2f80000,0x00000000f2f80000,0x00000000f3100000)
 ParOldGen       total 30208K, used 3348K [0x00000000d4400000, 0x00000000d6180000, 0x00000000f1700000)
  object space 30208K, 11% used [0x00000000d4400000,0x00000000d47453c0,0x00000000d6180000)
 Metaspace       used 17148K, capacity 17320K, committed 17536K, reserved 1064960K
  class space    used 2009K, capacity 2084K, committed 2176K, reserved 1048576K
Event: 15,730 GC heap after
Heap after GC invocations=4 (full 0):
 PSYoungGen      total 25088K, used 1522K [0x00000000f1700000, 0x00000000f3100000, 0x0000000100000000)
  eden space 23552K, 0% used [0x00000000f1700000,0x00000000f1700000,0x00000000f2e00000)
  from space 1536K, 99% used [0x00000000f2f80000,0x00000000f30fc820,0x00000000f3100000)
  to   space 1536K, 0% used [0x00000000f2e00000,0x00000000f2e00000,0x00000000f2f80000)
 ParOldGen       total 30208K, used 3495K [0x00000000d4400000, 0x00000000d6180000, 0x00000000f1700000)
  object space 30208K, 11% used [0x00000000d4400000,0x00000000d4769e50,0x00000000d6180000)
 Metaspace       used 17148K, capacity 17320K, committed 17536K, reserved 1064960K
  class space    used 2009K, capacity 2084K, committed 2176K, reserved 1048576K
}

